TN:
SF:src\firebaseConfig.ts
FNF:0
FNH:0
DA:33,2
DA:43,2
DA:44,2
DA:45,2
LF:4
LH:4
BRF:0
BRH:0
end_of_record
TN:
SF:src\components\CardSensor.tsx
FN:13,CardSensor
FNF:1
FNH:1
FNDA:7,CardSensor
DA:21,7
DA:35,1
LF:2
LH:2
BRDA:16,0,0,0
BRF:1
BRH:0
end_of_record
TN:
SF:src\components\Header.tsx
FN:15,Header
FN:19,(anonymous_1)
FN:20,(anonymous_2)
FN:22,(anonymous_3)
FN:74,(anonymous_4)
FNF:5
FNH:1
FNDA:1,Header
FNDA:0,(anonymous_1)
FNDA:0,(anonymous_2)
FNDA:0,(anonymous_3)
FNDA:0,(anonymous_4)
DA:16,1
DA:17,1
DA:19,1
DA:20,1
DA:22,1
DA:23,0
DA:24,0
DA:30,1
DA:75,0
DA:76,0
DA:94,1
LF:11
LH:7
BRDA:15,0,0,0
BRDA:96,1,0,0
BRDA:96,1,1,1
BRDA:96,2,0,0
BRDA:96,2,1,0
BRDA:97,3,0,0
BRDA:97,3,1,1
BRDA:97,4,0,0
BRDA:97,4,1,0
BRDA:117,5,0,0
BRDA:117,5,1,1
BRDA:117,6,0,0
BRDA:117,6,1,0
BRF:13
BRH:3
end_of_record
TN:
SF:src\components\TrendChart.tsx
FN:22,(anonymous_0)
FN:47,(anonymous_1)
FN:48,(anonymous_2)
FNF:3
FNH:1
FNDA:3,(anonymous_0)
FNDA:0,(anonymous_1)
FNDA:0,(anonymous_2)
DA:5,2
DA:22,2
DA:23,3
DA:47,0
DA:48,0
DA:63,2
LF:6
LH:4
BRDA:47,0,0,0
BRDA:48,1,0,0
BRF:2
BRH:0
end_of_record
TN:
SF:src\screens\InicioScreen.tsx
FN:29,(anonymous_0)
FN:42,(anonymous_1)
FN:44,(anonymous_2)
FN:54,(anonymous_3)
FNF:4
FNH:4
FNDA:2,(anonymous_0)
FNDA:1,(anonymous_1)
FNDA:1,(anonymous_2)
FNDA:1,(anonymous_3)
DA:29,1
DA:30,2
DA:31,2
DA:42,2
DA:43,1
DA:44,1
DA:45,1
DA:46,1
DA:47,1
DA:49,1
DA:50,1
DA:51,1
DA:52,1
DA:54,1
DA:55,1
DA:56,1
DA:57,1
DA:58,1
DA:59,1
DA:60,1
DA:61,1
DA:62,1
DA:64,1
DA:65,0
DA:66,0
DA:67,0
DA:68,0
DA:69,0
DA:70,0
DA:71,0
DA:72,0
DA:75,1
DA:90,2
DA:91,1
DA:99,1
DA:130,1
LF:36
LH:28
BRDA:46,0,0,1
BRDA:46,0,1,0
BRDA:64,1,0,0
BRDA:64,1,1,1
BRDA:90,2,0,1
BRDA:90,2,1,1
BRF:6
BRH:4
end_of_record
TN:
SF:src\screens\LoginScreen.tsx
FN:21,(anonymous_0)
FN:29,(anonymous_1)
FN:51,(anonymous_2)
FN:78,(anonymous_3)
FN:84,(anonymous_4)
FNF:5
FNH:4
FNDA:13,(anonymous_0)
FNDA:3,(anonymous_1)
FNDA:1,(anonymous_2)
FNDA:0,(anonymous_3)
FNDA:1,(anonymous_4)
DA:21,1
DA:22,13
DA:23,13
DA:24,13
DA:25,13
DA:26,13
DA:27,13
DA:29,13
DA:30,3
DA:31,1
DA:32,1
DA:35,2
DA:36,2
DA:38,1
DA:39,1
DA:42,1
DA:43,1
DA:44,1
DA:47,0
DA:51,13
DA:52,1
DA:53,0
DA:54,0
DA:57,1
DA:58,1
DA:59,1
DA:61,0
DA:65,13
DA:78,0
DA:84,1
DA:161,1
LF:31
LH:26
BRDA:30,0,0,1
BRDA:30,0,1,2
BRDA:30,1,0,3
BRDA:30,1,1,2
BRDA:36,2,0,1
BRDA:36,2,1,1
BRDA:52,3,0,0
BRDA:52,3,1,1
BRDA:77,4,0,13
BRDA:77,4,1,8
BRDA:80,5,0,13
BRDA:80,5,1,8
BRDA:83,6,0,13
BRDA:83,6,1,5
BRDA:86,7,0,13
BRDA:86,7,1,5
BRDA:91,8,0,13
BRDA:91,8,1,5
BRDA:127,9,0,13
BRDA:127,9,1,8
BRDA:134,10,0,8
BRDA:134,10,1,5
BRF:22
BRH:21
end_of_record
